# JRE version: OpenJDK Runtime Environment Temurin-21.0.10+7 (21.0.10+7) (build 21.0.10+7-LTS)
# Java VM: OpenJDK 64-Bit Server VM Temurin-21.0.10+7 (21.0.10+7-LTS, mixed mode, sharing, tiered, compressed oops, compressed class ptrs, parallel gc, windows-amd64)
GC Precious Log:
 CardTable entry size: 512
 CPUs: 4 total, 4 available
 Memory: 8033M
 Large Page Support: Disabled
 NUMA Support: Disabled
 Compressed Oops: Enabled (32-bit)
 Alignments: Space 512K, Generation 512K, Heap 2M
 Heap Min Capacity: 100M
 Heap Initial Capacity: 100M
 Heap Max Capacity: 2G
 Pre-touch: Disabled
 Parallel Workers: 4
Heap:
 PSYoungGen      total 11776K, used 6188K [0x00000000d5580000, 0x00000000d6d00000, 0x0000000100000000)
  eden space 11264K, 54% used [0x00000000d5580000,0x00000000d5b73000,0x00000000d6080000)
  from space 512K, 18% used [0x00000000d6c00000,0x00000000d6c18000,0x00000000d6c80000)
  to   space 512K, 0% used [0x00000000d6c80000,0x00000000d6c80000,0x00000000d6d00000)
 ParOldGen       total 1180160K, used 1180014K [0x0000000080000000, 0x00000000c8080000, 0x00000000d5580000)
  object space 1180160K, 99% used [0x0000000080000000,0x00000000c805bbb0,0x00000000c8080000)
 Metaspace       used 100029K, committed 101888K, reserved 1179648K
  class space    used 10397K, committed 11264K, reserved 1048576K
GC Heap History (20 events):
Event: 85625.291 GC heap before
{Heap before GC invocations=2704 (full 5):
 PSYoungGen      total 13824K, used 11831K [0x00000000d5580000, 0x00000000d6a80000, 0x0000000100000000)
  eden space 11264K, 99% used [0x00000000d5580000,0x00000000d607cd98,0x00000000d6080000)
  from space 2560K, 22% used [0x00000000d6680000,0x00000000d6711210,0x00000000d6900000)
  to   space 1024K, 0% used [0x00000000d6980000,0x00000000d6980000,0x00000000d6a80000)
 ParOldGen       total 1150464K, used 1150105K [0x0000000080000000, 0x00000000c6380000, 0x00000000d5580000)
  object space 1150464K, 99% used [0x0000000080000000,0x00000000c63264d0,0x00000000c6380000)
 Metaspace       used 99952K, committed 101824K, reserved 1179648K
  class space    used 10392K, committed 11264K, reserved 1048576K
}
Event: 85625.295 GC heap after
{Heap after GC invocations=2704 (full 5):
 PSYoungGen      total 12288K, used 544K [0x00000000d5580000, 0x00000000d6a80000, 0x0000000100000000)
  eden space 11264K, 0% used [0x00000000d5580000,0x00000000d5580000,0x00000000d6080000)
  from space 1024K, 53% used [0x00000000d6980000,0x00000000d6a08000,0x00000000d6a80000)
  to   space 1024K, 0% used [0x00000000d6880000,0x00000000d6880000,0x00000000d6980000)
 ParOldGen       total 1150976K, used 1150586K [0x0000000080000000, 0x00000000c6400000, 0x00000000d5580000)
  object space 1150976K, 99% used [0x0000000080000000,0x00000000c639ea68,0x00000000c6400000)
 Metaspace       used 99952K, committed 101824K, reserved 1179648K
  class space    used 10392K, committed 11264K, reserved 1048576K
}
Event: 85625.461 GC heap before
{Heap before GC invocations=2705 (full 5):
 PSYoungGen      total 12288K, used 11808K [0x00000000d5580000, 0x00000000d6a80000, 0x0000000100000000)
  eden space 11264K, 100% used [0x00000000d5580000,0x00000000d6080000,0x00000000d6080000)
  from space 1024K, 53% used [0x00000000d6980000,0x00000000d6a08000,0x00000000d6a80000)
  to   space 1024K, 0% used [0x00000000d6880000,0x00000000d6880000,0x00000000d6980000)
 ParOldGen       total 1150976K, used 1150586K [0x0000000080000000, 0x00000000c6400000, 0x00000000d5580000)
  object space 1150976K, 99% used [0x0000000080000000,0x00000000c639ea68,0x00000000c6400000)
 Metaspace       used 99971K, committed 101888K, reserved 1179648K
  class space    used 10396K, committed 11264K, reserved 1048576K
}
Event: 85625.468 GC heap after
{Heap after GC invocations=2705 (full 5):
 PSYoungGen      total 12288K, used 992K [0x00000000d5580000, 0x00000000d6a00000, 0x0000000100000000)
  eden space 11264K, 0% used [0x00000000d5580000,0x00000000d5580000,0x00000000d6080000)
  from space 1024K, 96% used [0x00000000d6880000,0x00000000d6978290,0x00000000d6980000)
  to   space 512K, 0% used [0x00000000d6980000,0x00000000d6980000,0x00000000d6a00000)
 ParOldGen       total 1153024K, used 1153022K [0x0000000080000000, 0x00000000c6600000, 0x00000000d5580000)
  object space 1153024K, 99% used [0x0000000080000000,0x00000000c65ff990,0x00000000c6600000)
 Metaspace       used 99971K, committed 101888K, reserved 1179648K
  class space    used 10396K, committed 11264K, reserved 1048576K
}
Event: 85625.657 GC heap before
{Heap before GC invocations=2706 (full 5):
 PSYoungGen      total 12288K, used 12256K [0x00000000d5580000, 0x00000000d6a00000, 0x0000000100000000)
  eden space 11264K, 100% used [0x00000000d5580000,0x00000000d6080000,0x00000000d6080000)
  from space 1024K, 96% used [0x00000000d6880000,0x00000000d6978290,0x00000000d6980000)
  to   space 512K, 0% used [0x00000000d6980000,0x00000000d6980000,0x00000000d6a00000)
 ParOldGen       total 1153024K, used 1153022K [0x0000000080000000, 0x00000000c6600000, 0x00000000d5580000)
  object space 1153024K, 99% used [0x0000000080000000,0x00000000c65ff990,0x00000000c6600000)
 Metaspace       used 99985K, committed 101888K, reserved 1179648K
  class space    used 10396K, committed 11264K, reserved 1048576K
}
Event: 85625.668 GC heap after
{Heap after GC invocations=2706 (full 5):
 PSYoungGen      total 11776K, used 512K [0x00000000d5580000, 0x00000000d6e80000, 0x0000000100000000)
  eden space 11264K, 0% used [0x00000000d5580000,0x00000000d5580000,0x00000000d6080000)
  from space 512K, 100% used [0x00000000d6980000,0x00000000d6a00000,0x00000000d6a00000)
  to   space 7168K, 0% used [0x00000000d6080000,0x00000000d6080000,0x00000000d6780000)
 ParOldGen       total 1159168K, used 1158826K [0x0000000080000000, 0x00000000c6c00000, 0x00000000d5580000)
  object space 1159168K, 99% used [0x0000000080000000,0x00000000c6baabe0,0x00000000c6c00000)
 Metaspace       used 99985K, committed 101888K, reserved 1179648K
  class space    used 10396K, committed 11264K, reserved 1048576K
}
Event: 85625.766 GC heap before
{Heap before GC invocations=2707 (full 5):
 PSYoungGen      total 11776K, used 11728K [0x00000000d5580000, 0x00000000d6e80000, 0x0000000100000000)
  eden space 11264K, 99% used [0x00000000d5580000,0x00000000d6074098,0x00000000d6080000)
  from space 512K, 100% used [0x00000000d6980000,0x00000000d6a00000,0x00000000d6a00000)
  to   space 7168K, 0% used [0x00000000d6080000,0x00000000d6080000,0x00000000d6780000)
 ParOldGen       total 1159168K, used 1158826K [0x0000000080000000, 0x00000000c6c00000, 0x00000000d5580000)
  object space 1159168K, 99% used [0x0000000080000000,0x00000000c6baabe0,0x00000000c6c00000)
 Metaspace       used 99987K, committed 101888K, reserved 1179648K
  class space    used 10396K, committed 11264K, reserved 1048576K
}
Event: 85625.780 GC heap after
{Heap after GC invocations=2707 (full 5):
 PSYoungGen      total 18432K, used 7160K [0x00000000d5580000, 0x00000000d7180000, 0x0000000100000000)
  eden space 11264K, 0% used [0x00000000d5580000,0x00000000d5580000,0x00000000d6080000)
  from space 7168K, 99% used [0x00000000d6080000,0x00000000d677e000,0x00000000d6780000)
  to   space 8704K, 0% used [0x00000000d6900000,0x00000000d6900000,0x00000000d7180000)
 ParOldGen       total 1160192K, used 1159791K [0x0000000080000000, 0x00000000c6d00000, 0x00000000d5580000)
  object space 1160192K, 99% used [0x0000000080000000,0x00000000c6c9bf78,0x00000000c6d00000)
 Metaspace       used 99987K, committed 101888K, reserved 1179648K
  class space    used 10396K, committed 11264K, reserved 1048576K
}
Event: 85626.580 GC heap before
{Heap before GC invocations=2708 (full 5):
 PSYoungGen      total 18432K, used 18423K [0x00000000d5580000, 0x00000000d7180000, 0x0000000100000000)
  eden space 11264K, 99% used [0x00000000d5580000,0x00000000d607ffc0,0x00000000d6080000)
  from space 7168K, 99% used [0x00000000d6080000,0x00000000d677e000,0x00000000d6780000)
  to   space 8704K, 0% used [0x00000000d6900000,0x00000000d6900000,0x00000000d7180000)
 ParOldGen       total 1160192K, used 1159791K [0x0000000080000000, 0x00000000c6d00000, 0x00000000d5580000)
  object space 1160192K, 99% used [0x0000000080000000,0x00000000c6c9bf78,0x00000000c6d00000)
 Metaspace       used 99996K, committed 101888K, reserved 1179648K
  class space    used 10397K, committed 11264K, reserved 1048576K
}
Event: 85626.592 GC heap after
{Heap after GC invocations=2708 (full 5):
 PSYoungGen      total 14336K, used 2720K [0x00000000d5580000, 0x00000000d6c00000, 0x0000000100000000)
  eden space 11264K, 0% used [0x00000000d5580000,0x00000000d5580000,0x00000000d6080000)
  from space 3072K, 88% used [0x00000000d6900000,0x00000000d6ba8158,0x00000000d6c00000)
  to   space 5120K, 0% used [0x00000000d6200000,0x00000000d6200000,0x00000000d6700000)
 ParOldGen       total 1166848K, used 1166735K [0x0000000080000000, 0x00000000c7380000, 0x00000000d5580000)
  object space 1166848K, 99% used [0x0000000080000000,0x00000000c7363f78,0x00000000c7380000)
 Metaspace       used 99996K, committed 101888K, reserved 1179648K
  class space    used 10397K, committed 11264K, reserved 1048576K
}
Event: 85626.807 GC heap before
{Heap before GC invocations=2709 (full 5):
 PSYoungGen      total 14336K, used 13984K [0x00000000d5580000, 0x00000000d6c00000, 0x0000000100000000)
  eden space 11264K, 100% used [0x00000000d5580000,0x00000000d6080000,0x00000000d6080000)
  from space 3072K, 88% used [0x00000000d6900000,0x00000000d6ba8158,0x00000000d6c00000)
  to   space 5120K, 0% used [0x00000000d6200000,0x00000000d6200000,0x00000000d6700000)
 ParOldGen       total 1166848K, used 1166735K [0x0000000080000000, 0x00000000c7380000, 0x00000000d5580000)
  object space 1166848K, 99% used [0x0000000080000000,0x00000000c7363f78,0x00000000c7380000)
 Metaspace       used 99996K, committed 101888K, reserved 1179648K
  class space    used 10397K, committed 11264K, reserved 1048576K
}
Event: 85626.821 GC heap after
{Heap after GC invocations=2709 (full 5):
 PSYoungGen      total 16384K, used 5092K [0x00000000d5580000, 0x00000000d7a80000, 0x0000000100000000)
  eden space 11264K, 0% used [0x00000000d5580000,0x00000000d5580000,0x00000000d6080000)
  from space 5120K, 99% used [0x00000000d6200000,0x00000000d66f93d0,0x00000000d6700000)
  to   space 13312K, 0% used [0x00000000d6d80000,0x00000000d6d80000,0x00000000d7a80000)
 ParOldGen       total 1173504K, used 1173208K [0x0000000080000000, 0x00000000c7a00000, 0x00000000d5580000)
  object space 1173504K, 99% used [0x0000000080000000,0x00000000c79b60d0,0x00000000c7a00000)
 Metaspace       used 99996K, committed 101888K, reserved 1179648K
  class space    used 10397K, committed 11264K, reserved 1048576K
}
Event: 85629.090 GC heap before
{Heap before GC invocations=2710 (full 5):
 PSYoungGen      total 16384K, used 16356K [0x00000000d5580000, 0x00000000d7a80000, 0x0000000100000000)
  eden space 11264K, 100% used [0x00000000d5580000,0x00000000d6080000,0x00000000d6080000)
  from space 5120K, 99% used [0x00000000d6200000,0x00000000d66f93d0,0x00000000d6700000)
  to   space 13312K, 0% used [0x00000000d6d80000,0x00000000d6d80000,0x00000000d7a80000)
 ParOldGen       total 1173504K, used 1173208K [0x0000000080000000, 0x00000000c7a00000, 0x00000000d5580000)
  object space 1173504K, 99% used [0x0000000080000000,0x00000000c79b60d0,0x00000000c7a00000)
 Metaspace       used 99998K, committed 101888K, reserved 1179648K
  class space    used 10397K, committed 11264K, reserved 1048576K
}
Event: 85629.102 GC heap after
{Heap after GC invocations=2710 (full 5):
 PSYoungGen      total 13312K, used 1856K [0x00000000d5580000, 0x00000000d6f80000, 0x0000000100000000)
  eden space 11264K, 0% used [0x00000000d5580000,0x00000000d5580000,0x00000000d6080000)
  from space 2048K, 90% used [0x00000000d6d80000,0x00000000d6f50000,0x00000000d6f80000)
  to   space 5632K, 0% used [0x00000000d6480000,0x00000000d6480000,0x00000000d6a00000)
 ParOldGen       total 1178624K, used 1178117K [0x0000000080000000, 0x00000000c7f00000, 0x00000000d5580000)
  object space 1178624K, 99% used [0x0000000080000000,0x00000000c7e814a0,0x00000000c7f00000)
 Metaspace       used 99998K, committed 101888K, reserved 1179648K
  class space    used 10397K, committed 11264K, reserved 1048576K
}
Event: 85672.374 GC heap before
{Heap before GC invocations=2711 (full 5):
 PSYoungGen      total 13312K, used 13120K [0x00000000d5580000, 0x00000000d6f80000, 0x0000000100000000)
  eden space 11264K, 100% used [0x00000000d5580000,0x00000000d6080000,0x00000000d6080000)
  from space 2048K, 90% used [0x00000000d6d80000,0x00000000d6f50000,0x00000000d6f80000)
  to   space 5632K, 0% used [0x00000000d6480000,0x00000000d6480000,0x00000000d6a00000)
 ParOldGen       total 1178624K, used 1178117K [0x0000000080000000, 0x00000000c7f00000, 0x00000000d5580000)
  object space 1178624K, 99% used [0x0000000080000000,0x00000000c7e814a0,0x00000000c7f00000)
 Metaspace       used 100010K, committed 101888K, reserved 1179648K
  class space    used 10397K, committed 11264K, reserved 1048576K
}
Event: 85672.379 GC heap after
{Heap after GC invocations=2711 (full 5):
 PSYoungGen      total 16896K, used 224K [0x00000000d5580000, 0x00000000d6e00000, 0x0000000100000000)
  eden space 11264K, 0% used [0x00000000d5580000,0x00000000d5580000,0x00000000d6080000)
  from space 5632K, 3% used [0x00000000d6480000,0x00000000d64b8000,0x00000000d6a00000)
  to   space 1536K, 0% used [0x00000000d6c80000,0x00000000d6c80000,0x00000000d6e00000)
 ParOldGen       total 1180160K, used 1179878K [0x0000000080000000, 0x00000000c8080000, 0x00000000d5580000)
  object space 1180160K, 99% used [0x0000000080000000,0x00000000c8039bb0,0x00000000c8080000)
 Metaspace       used 100010K, committed 101888K, reserved 1179648K
  class space    used 10397K, committed 11264K, reserved 1048576K
}
Event: 94189.748 GC heap before
{Heap before GC invocations=2712 (full 5):
 PSYoungGen      total 16896K, used 11488K [0x00000000d5580000, 0x00000000d6e00000, 0x0000000100000000)
  eden space 11264K, 100% used [0x00000000d5580000,0x00000000d6080000,0x00000000d6080000)
  from space 5632K, 3% used [0x00000000d6480000,0x00000000d64b8000,0x00000000d6a00000)
  to   space 1536K, 0% used [0x00000000d6c80000,0x00000000d6c80000,0x00000000d6e00000)
 ParOldGen       total 1180160K, used 1179878K [0x0000000080000000, 0x00000000c8080000, 0x00000000d5580000)
  object space 1180160K, 99% used [0x0000000080000000,0x00000000c8039bb0,0x00000000c8080000)
 Metaspace       used 100023K, committed 101888K, reserved 1179648K
  class space    used 10397K, committed 11264K, reserved 1048576K
}
Event: 94190.414 GC heap after
{Heap after GC invocations=2712 (full 5):
 PSYoungGen      total 11776K, used 160K [0x00000000d5580000, 0x00000000d6d00000, 0x0000000100000000)
  eden space 11264K, 0% used [0x00000000d5580000,0x00000000d5580000,0x00000000d6080000)
  from space 512K, 31% used [0x00000000d6c80000,0x00000000d6ca8000,0x00000000d6d00000)
  to   space 512K, 0% used [0x00000000d6c00000,0x00000000d6c00000,0x00000000d6c80000)
 ParOldGen       total 1180160K, used 1179918K [0x0000000080000000, 0x00000000c8080000, 0x00000000d5580000)
  object space 1180160K, 99% used [0x0000000080000000,0x00000000c8043bb0,0x00000000c8080000)
 Metaspace       used 100023K, committed 101888K, reserved 1179648K
  class space    used 10397K, committed 11264K, reserved 1048576K
}
Event: 166442.232 GC heap before
{Heap before GC invocations=2713 (full 5):
 PSYoungGen      total 11776K, used 11424K [0x00000000d5580000, 0x00000000d6d00000, 0x0000000100000000)
  eden space 11264K, 100% used [0x00000000d5580000,0x00000000d6080000,0x00000000d6080000)
  from space 512K, 31% used [0x00000000d6c80000,0x00000000d6ca8000,0x00000000d6d00000)
  to   space 512K, 0% used [0x00000000d6c00000,0x00000000d6c00000,0x00000000d6c80000)
 ParOldGen       total 1180160K, used 1179918K [0x0000000080000000, 0x00000000c8080000, 0x00000000d5580000)
  object space 1180160K, 99% used [0x0000000080000000,0x00000000c8043bb0,0x00000000c8080000)
 Metaspace       used 100029K, committed 101888K, reserved 1179648K
  class space    used 10397K, committed 11264K, reserved 1048576K
}
Event: 166442.577 GC heap after
{Heap after GC invocations=2713 (full 5):
 PSYoungGen      total 11776K, used 96K [0x00000000d5580000, 0x00000000d6d00000, 0x0000000100000000)
  eden space 11264K, 0% used [0x00000000d5580000,0x00000000d5580000,0x00000000d6080000)
  from space 512K, 18% used [0x00000000d6c00000,0x00000000d6c18000,0x00000000d6c80000)
  to   space 512K, 0% used [0x00000000d6c80000,0x00000000d6c80000,0x00000000d6d00000)
 ParOldGen       total 1180160K, used 1180014K [0x0000000080000000, 0x00000000c8080000, 0x00000000d5580000)
  object space 1180160K, 99% used [0x0000000080000000,0x00000000c805bbb0,0x00000000c8080000)
 Metaspace       used 100029K, committed 101888K, reserved 1179648K
  class space    used 10397K, committed 11264K, reserved 1048576K
}

