# JRE version: Java(TM) SE Runtime Environment (24.0.1+9) (build 24.0.1+9-30)
# Java VM: Java HotSpot(TM) 64-Bit Server VM (24.0.1+9-30, mixed mode, emulated-client, sharing, tiered, compressed oops, compressed class ptrs, g1 gc, windows-amd64)
GC Precious Log:
 CardTable entry size: 512
 Card Set container configuration: InlinePtr #cards 5 size 8 Array Of Cards #cards 10 size 36 Howl #buckets 4 coarsen threshold 1843 Howl Bitmap #cards 512 size 80 coarsen threshold 460 Card regions per heap region 1 cards per card region 2048
 CPUs: 4 total, 4 available
 Memory: 8033M
 Large Page Support: Disabled
 NUMA Support: Disabled
 Compressed Oops: Enabled (32-bit)
 Heap Region Size: 1M
 Heap Min Capacity: 8M
 Heap Initial Capacity: 126M
 Heap Max Capacity: 2010M
 Pre-touch: Disabled
 Parallel Workers: 4
 Concurrent Workers: 1
 Concurrent Refinement Workers: 4
 Periodic GC: Disabled
Heap:
 garbage-first heap   total reserved 2058240K, committed 70656K, used 39442K [0x0000000082600000, 0x0000000100000000)
  region size 1024K, 2 young (2048K), 2 survivors (2048K)
 Metaspace       used 90299K, committed 90880K, reserved 1179648K
  class space    used 10649K, committed 10880K, reserved 1048576K
GC Heap History (20 events):
Event: 5.898 GC heap after
{Heap after GC invocations=8 (full 0):
 garbage-first heap   total reserved 2058240K, committed 58368K, used 23446K [0x0000000082600000, 0x0000000100000000)
  region size 1024K, 3 young (3072K), 3 survivors (3072K)
 Metaspace       used 35593K, committed 35968K, reserved 1114112K
  class space    used 4024K, committed 4160K, reserved 1048576K
}
Event: 6.621 GC heap before
{Heap before GC invocations=9 (full 0):
 garbage-first heap   total reserved 2058240K, committed 58368K, used 46998K [0x0000000082600000, 0x0000000100000000)
  region size 1024K, 27 young (27648K), 3 survivors (3072K)
 Metaspace       used 41981K, committed 42496K, reserved 1114112K
  class space    used 4748K, committed 4992K, reserved 1048576K
}
Event: 6.629 GC heap after
{Heap after GC invocations=10 (full 0):
 garbage-first heap   total reserved 2058240K, committed 58368K, used 25504K [0x0000000082600000, 0x0000000100000000)
  region size 1024K, 3 young (3072K), 3 survivors (3072K)
 Metaspace       used 41981K, committed 42496K, reserved 1114112K
  class space    used 4748K, committed 4992K, reserved 1048576K
}
Event: 7.428 GC heap before
{Heap before GC invocations=10 (full 0):
 garbage-first heap   total reserved 2058240K, committed 58368K, used 48032K [0x0000000082600000, 0x0000000100000000)
  region size 1024K, 26 young (26624K), 3 survivors (3072K)
 Metaspace       used 49246K, committed 49728K, reserved 1114112K
  class space    used 5493K, committed 5696K, reserved 1048576K
}
Event: 7.435 GC heap after
{Heap after GC invocations=11 (full 0):
 garbage-first heap   total reserved 2058240K, committed 70656K, used 27300K [0x0000000082600000, 0x0000000100000000)
  region size 1024K, 4 young (4096K), 4 survivors (4096K)
 Metaspace       used 49246K, committed 49728K, reserved 1114112K
  class space    used 5493K, committed 5696K, reserved 1048576K
}
Event: 8.527 GC heap before
{Heap before GC invocations=11 (full 0):
 garbage-first heap   total reserved 2058240K, committed 70656K, used 59044K [0x0000000082600000, 0x0000000100000000)
  region size 1024K, 36 young (36864K), 4 survivors (4096K)
 Metaspace       used 58529K, committed 59072K, reserved 1114112K
  class space    used 6617K, committed 6848K, reserved 1048576K
}
Event: 8.540 GC heap after
{Heap after GC invocations=12 (full 0):
 garbage-first heap   total reserved 2058240K, committed 70656K, used 28801K [0x0000000082600000, 0x0000000100000000)
  region size 1024K, 4 young (4096K), 4 survivors (4096K)
 Metaspace       used 58529K, committed 59072K, reserved 1114112K
  class space    used 6617K, committed 6848K, reserved 1048576K
}
Event: 8.685 GC heap before
{Heap before GC invocations=12 (full 0):
 garbage-first heap   total reserved 2058240K, committed 70656K, used 32897K [0x0000000082600000, 0x0000000100000000)
  region size 1024K, 9 young (9216K), 4 survivors (4096K)
 Metaspace       used 59994K, committed 60480K, reserved 1114112K
  class space    used 6777K, committed 6976K, reserved 1048576K
}
Event: 8.693 GC heap after
{Heap after GC invocations=13 (full 0):
 garbage-first heap   total reserved 2058240K, committed 70656K, used 28752K [0x0000000082600000, 0x0000000100000000)
  region size 1024K, 2 young (2048K), 2 survivors (2048K)
 Metaspace       used 59994K, committed 60480K, reserved 1114112K
  class space    used 6777K, committed 6976K, reserved 1048576K
}
Event: 9.586 GC heap before
{Heap before GC invocations=14 (full 0):
 garbage-first heap   total reserved 2058240K, committed 70656K, used 61520K [0x0000000082600000, 0x0000000100000000)
  region size 1024K, 34 young (34816K), 2 survivors (2048K)
 Metaspace       used 65870K, committed 66432K, reserved 1114112K
  class space    used 7488K, committed 7744K, reserved 1048576K
}
Event: 9.597 GC heap after
{Heap after GC invocations=15 (full 0):
 garbage-first heap   total reserved 2058240K, committed 70656K, used 31097K [0x0000000082600000, 0x0000000100000000)
  region size 1024K, 4 young (4096K), 4 survivors (4096K)
 Metaspace       used 65870K, committed 66432K, reserved 1114112K
  class space    used 7488K, committed 7744K, reserved 1048576K
}
Event: 10.576 GC heap before
{Heap before GC invocations=15 (full 0):
 garbage-first heap   total reserved 2058240K, committed 70656K, used 60793K [0x0000000082600000, 0x0000000100000000)
  region size 1024K, 34 young (34816K), 4 survivors (4096K)
 Metaspace       used 71657K, committed 72320K, reserved 1114112K
  class space    used 8114K, committed 8384K, reserved 1048576K
}
Event: 10.586 GC heap after
{Heap after GC invocations=16 (full 0):
 garbage-first heap   total reserved 2058240K, committed 70656K, used 33142K [0x0000000082600000, 0x0000000100000000)
  region size 1024K, 5 young (5120K), 5 survivors (5120K)
 Metaspace       used 71657K, committed 72320K, reserved 1114112K
  class space    used 8114K, committed 8384K, reserved 1048576K
}
Event: 11.878 GC heap before
{Heap before GC invocations=16 (full 0):
 garbage-first heap   total reserved 2058240K, committed 70656K, used 60790K [0x0000000082600000, 0x0000000100000000)
  region size 1024K, 32 young (32768K), 5 survivors (5120K)
 Metaspace       used 76993K, committed 77632K, reserved 1179648K
  class space    used 8812K, committed 9088K, reserved 1048576K
}
Event: 11.900 GC heap after
{Heap after GC invocations=17 (full 0):
 garbage-first heap   total reserved 2058240K, committed 70656K, used 35714K [0x0000000082600000, 0x0000000100000000)
  region size 1024K, 3 young (3072K), 3 survivors (3072K)
 Metaspace       used 76993K, committed 77632K, reserved 1179648K
  class space    used 8812K, committed 9088K, reserved 1048576K
}
Event: 107.296 GC heap before
{Heap before GC invocations=17 (full 0):
 garbage-first heap   total reserved 2058240K, committed 70656K, used 61314K [0x0000000082600000, 0x0000000100000000)
  region size 1024K, 29 young (29696K), 3 survivors (3072K)
 Metaspace       used 83226K, committed 83904K, reserved 1179648K
  class space    used 9518K, committed 9792K, reserved 1048576K
}
Event: 107.314 GC heap after
{Heap after GC invocations=18 (full 0):
 garbage-first heap   total reserved 2058240K, committed 70656K, used 39529K [0x0000000082600000, 0x0000000100000000)
  region size 1024K, 4 young (4096K), 4 survivors (4096K)
 Metaspace       used 83226K, committed 83904K, reserved 1179648K
  class space    used 9518K, committed 9792K, reserved 1048576K
}
Event: 108.715 GC heap before
{Heap before GC invocations=19 (full 0):
 garbage-first heap   total reserved 2058240K, committed 70656K, used 61033K [0x0000000082600000, 0x0000000100000000)
  region size 1024K, 26 young (26624K), 4 survivors (4096K)
 Metaspace       used 87585K, committed 88192K, reserved 1179648K
  class space    used 10326K, committed 10560K, reserved 1048576K
}
Event: 108.732 GC heap after
{Heap after GC invocations=20 (full 0):
 garbage-first heap   total reserved 2058240K, committed 70656K, used 41785K [0x0000000082600000, 0x0000000100000000)
  region size 1024K, 3 young (3072K), 3 survivors (3072K)
 Metaspace       used 87585K, committed 88192K, reserved 1179648K
  class space    used 10326K, committed 10560K, reserved 1048576K
}
Event: 114.903 GC heap before
{Heap before GC invocations=20 (full 0):
 garbage-first heap   total reserved 2058240K, committed 70656K, used 61241K [0x0000000082600000, 0x0000000100000000)
  region size 1024K, 23 young (23552K), 3 survivors (3072K)
 Metaspace       used 90299K, committed 90880K, reserved 1179648K
  class space    used 10649K, committed 10880K, reserved 1048576K
}

