# JRE version: OpenJDK Runtime Environment Temurin-21.0.11+10 (21.0.11+10) (build 21.0.11+10-LTS)
# Java VM: OpenJDK 64-Bit Server VM Temurin-21.0.11+10 (21.0.11+10-LTS, mixed mode, sharing, tiered, compressed oops, compressed class ptrs, parallel gc, windows-amd64)
GC Precious Log:
 CardTable entry size: 512
 CPUs: 4 total, 4 available
 Memory: 8033M
 Large Page Support: Disabled
 NUMA Support: Disabled
 Compressed Oops: Enabled (32-bit)
 Alignments: Space 512K, Generation 512K, Heap 2M
 Heap Min Capacity: 100M
 Heap Initial Capacity: 100M
 Heap Max Capacity: 2G
 Pre-touch: Disabled
 Parallel Workers: 4
Heap:
 PSYoungGen      total 15872K, used 11024K [0x00000000d5580000, 0x00000000d6980000, 0x0000000100000000)
  eden space 12800K, 64% used [0x00000000d5580000,0x00000000d5d94d98,0x00000000d6200000)
  from space 3072K, 89% used [0x00000000d6680000,0x00000000d692f660,0x00000000d6980000)
  to   space 3584K, 0% used [0x00000000d6280000,0x00000000d6280000,0x00000000d6600000)
 ParOldGen       total 83456K, used 82952K [0x0000000080000000, 0x0000000085180000, 0x00000000d5580000)
  object space 83456K, 99% used [0x0000000080000000,0x0000000085102180,0x0000000085180000)
 Metaspace       used 53003K, committed 54336K, reserved 1114112K
  class space    used 5775K, committed 6336K, reserved 1048576K
GC Heap History (20 events):
Event: 74.269 GC heap before
{Heap before GC invocations=33 (full 2):
 PSYoungGen      total 18432K, used 18043K [0x00000000d5580000, 0x00000000d6b00000, 0x0000000100000000)
  eden space 14848K, 100% used [0x00000000d5580000,0x00000000d6400000,0x00000000d6400000)
  from space 3584K, 89% used [0x00000000d6780000,0x00000000d6a9edb0,0x00000000d6b00000)
  to   space 3584K, 0% used [0x00000000d6400000,0x00000000d6400000,0x00000000d6780000)
 ParOldGen       total 68608K, used 52019K [0x0000000080000000, 0x0000000084300000, 0x00000000d5580000)
  object space 68608K, 75% used [0x0000000080000000,0x00000000832ccfc8,0x0000000084300000)
 Metaspace       used 52949K, committed 54272K, reserved 1114112K
  class space    used 5767K, committed 6336K, reserved 1048576K
}
Event: 74.273 GC heap after
{Heap after GC invocations=33 (full 2):
 PSYoungGen      total 18432K, used 3251K [0x00000000d5580000, 0x00000000d6b00000, 0x0000000100000000)
  eden space 14848K, 0% used [0x00000000d5580000,0x00000000d5580000,0x00000000d6400000)
  from space 3584K, 90% used [0x00000000d6400000,0x00000000d672cf58,0x00000000d6780000)
  to   space 3584K, 0% used [0x00000000d6780000,0x00000000d6780000,0x00000000d6b00000)
 ParOldGen       total 68608K, used 55045K [0x0000000080000000, 0x0000000084300000, 0x00000000d5580000)
  object space 68608K, 80% used [0x0000000080000000,0x00000000835c17f0,0x0000000084300000)
 Metaspace       used 52949K, committed 54272K, reserved 1114112K
  class space    used 5767K, committed 6336K, reserved 1048576K
}
Event: 74.403 GC heap before
{Heap before GC invocations=34 (full 2):
 PSYoungGen      total 18432K, used 18099K [0x00000000d5580000, 0x00000000d6b00000, 0x0000000100000000)
  eden space 14848K, 100% used [0x00000000d5580000,0x00000000d6400000,0x00000000d6400000)
  from space 3584K, 90% used [0x00000000d6400000,0x00000000d672cf58,0x00000000d6780000)
  to   space 3584K, 0% used [0x00000000d6780000,0x00000000d6780000,0x00000000d6b00000)
 ParOldGen       total 68608K, used 55045K [0x0000000080000000, 0x0000000084300000, 0x00000000d5580000)
  object space 68608K, 80% used [0x0000000080000000,0x00000000835c17f0,0x0000000084300000)
 Metaspace       used 52954K, committed 54272K, reserved 1114112K
  class space    used 5767K, committed 6336K, reserved 1048576K
}
Event: 74.407 GC heap after
{Heap after GC invocations=34 (full 2):
 PSYoungGen      total 18432K, used 3169K [0x00000000d5580000, 0x00000000d6b00000, 0x0000000100000000)
  eden space 14848K, 0% used [0x00000000d5580000,0x00000000d5580000,0x00000000d6400000)
  from space 3584K, 88% used [0x00000000d6780000,0x00000000d6a98490,0x00000000d6b00000)
  to   space 3584K, 0% used [0x00000000d6400000,0x00000000d6400000,0x00000000d6780000)
 ParOldGen       total 68608K, used 58176K [0x0000000080000000, 0x0000000084300000, 0x00000000d5580000)
  object space 68608K, 84% used [0x0000000080000000,0x00000000838d0310,0x0000000084300000)
 Metaspace       used 52954K, committed 54272K, reserved 1114112K
  class space    used 5767K, committed 6336K, reserved 1048576K
}
Event: 74.747 GC heap before
{Heap before GC invocations=35 (full 2):
 PSYoungGen      total 18432K, used 18017K [0x00000000d5580000, 0x00000000d6b00000, 0x0000000100000000)
  eden space 14848K, 100% used [0x00000000d5580000,0x00000000d6400000,0x00000000d6400000)
  from space 3584K, 88% used [0x00000000d6780000,0x00000000d6a98490,0x00000000d6b00000)
  to   space 3584K, 0% used [0x00000000d6400000,0x00000000d6400000,0x00000000d6780000)
 ParOldGen       total 68608K, used 58176K [0x0000000080000000, 0x0000000084300000, 0x00000000d5580000)
  object space 68608K, 84% used [0x0000000080000000,0x00000000838d0310,0x0000000084300000)
 Metaspace       used 52958K, committed 54272K, reserved 1114112K
  class space    used 5767K, committed 6336K, reserved 1048576K
}
Event: 74.753 GC heap after
{Heap after GC invocations=35 (full 2):
 PSYoungGen      total 18432K, used 3553K [0x00000000d5580000, 0x00000000d7300000, 0x0000000100000000)
  eden space 14848K, 0% used [0x00000000d5580000,0x00000000d5580000,0x00000000d6400000)
  from space 3584K, 99% used [0x00000000d6400000,0x00000000d67787b0,0x00000000d6780000)
  to   space 7680K, 0% used [0x00000000d6b80000,0x00000000d6b80000,0x00000000d7300000)
 ParOldGen       total 68608K, used 61520K [0x0000000080000000, 0x0000000084300000, 0x00000000d5580000)
  object space 68608K, 89% used [0x0000000080000000,0x0000000083c14000,0x0000000084300000)
 Metaspace       used 52958K, committed 54272K, reserved 1114112K
  class space    used 5767K, committed 6336K, reserved 1048576K
}
Event: 74.907 GC heap before
{Heap before GC invocations=36 (full 2):
 PSYoungGen      total 18432K, used 18401K [0x00000000d5580000, 0x00000000d7300000, 0x0000000100000000)
  eden space 14848K, 100% used [0x00000000d5580000,0x00000000d6400000,0x00000000d6400000)
  from space 3584K, 99% used [0x00000000d6400000,0x00000000d67787b0,0x00000000d6780000)
  to   space 7680K, 0% used [0x00000000d6b80000,0x00000000d6b80000,0x00000000d7300000)
 ParOldGen       total 68608K, used 61520K [0x0000000080000000, 0x0000000084300000, 0x00000000d5580000)
  object space 68608K, 89% used [0x0000000080000000,0x0000000083c14000,0x0000000084300000)
 Metaspace       used 52962K, committed 54272K, reserved 1114112K
  class space    used 5767K, committed 6336K, reserved 1048576K
}
Event: 74.912 GC heap after
{Heap after GC invocations=36 (full 2):
 PSYoungGen      total 17920K, used 3010K [0x00000000d5580000, 0x00000000d6e80000, 0x0000000100000000)
  eden space 14848K, 0% used [0x00000000d5580000,0x00000000d5580000,0x00000000d6400000)
  from space 3072K, 98% used [0x00000000d6b80000,0x00000000d6e70a88,0x00000000d6e80000)
  to   space 4608K, 0% used [0x00000000d6580000,0x00000000d6580000,0x00000000d6a00000)
 ParOldGen       total 68608K, used 64970K [0x0000000080000000, 0x0000000084300000, 0x00000000d5580000)
  object space 68608K, 94% used [0x0000000080000000,0x0000000083f72968,0x0000000084300000)
 Metaspace       used 52962K, committed 54272K, reserved 1114112K
  class space    used 5767K, committed 6336K, reserved 1048576K
}
Event: 75.076 GC heap before
{Heap before GC invocations=37 (full 2):
 PSYoungGen      total 17920K, used 17858K [0x00000000d5580000, 0x00000000d6e80000, 0x0000000100000000)
  eden space 14848K, 100% used [0x00000000d5580000,0x00000000d6400000,0x00000000d6400000)
  from space 3072K, 98% used [0x00000000d6b80000,0x00000000d6e70a88,0x00000000d6e80000)
  to   space 4608K, 0% used [0x00000000d6580000,0x00000000d6580000,0x00000000d6a00000)
 ParOldGen       total 68608K, used 64970K [0x0000000080000000, 0x0000000084300000, 0x00000000d5580000)
  object space 68608K, 94% used [0x0000000080000000,0x0000000083f72968,0x0000000084300000)
 Metaspace       used 52962K, committed 54272K, reserved 1114112K
  class space    used 5767K, committed 6336K, reserved 1048576K
}
Event: 75.080 GC heap after
{Heap after GC invocations=37 (full 2):
 PSYoungGen      total 17920K, used 3008K [0x00000000d5580000, 0x00000000d6c00000, 0x0000000100000000)
  eden space 14848K, 0% used [0x00000000d5580000,0x00000000d5580000,0x00000000d6400000)
  from space 3072K, 97% used [0x00000000d6580000,0x00000000d68700f8,0x00000000d6880000)
  to   space 3584K, 0% used [0x00000000d6880000,0x00000000d6880000,0x00000000d6c00000)
 ParOldGen       total 68608K, used 67908K [0x0000000080000000, 0x0000000084300000, 0x00000000d5580000)
  object space 68608K, 98% used [0x0000000080000000,0x00000000842511a0,0x0000000084300000)
 Metaspace       used 52962K, committed 54272K, reserved 1114112K
  class space    used 5767K, committed 6336K, reserved 1048576K
}
Event: 75.307 GC heap before
{Heap before GC invocations=38 (full 2):
 PSYoungGen      total 17920K, used 17856K [0x00000000d5580000, 0x00000000d6c00000, 0x0000000100000000)
  eden space 14848K, 100% used [0x00000000d5580000,0x00000000d6400000,0x00000000d6400000)
  from space 3072K, 97% used [0x00000000d6580000,0x00000000d68700f8,0x00000000d6880000)
  to   space 3584K, 0% used [0x00000000d6880000,0x00000000d6880000,0x00000000d6c00000)
 ParOldGen       total 68608K, used 67908K [0x0000000080000000, 0x0000000084300000, 0x00000000d5580000)
  object space 68608K, 98% used [0x0000000080000000,0x00000000842511a0,0x0000000084300000)
 Metaspace       used 52962K, committed 54272K, reserved 1114112K
  class space    used 5767K, committed 6336K, reserved 1048576K
}
Event: 75.312 GC heap after
{Heap after GC invocations=38 (full 2):
 PSYoungGen      total 18432K, used 3225K [0x00000000d5580000, 0x00000000d6c00000, 0x0000000100000000)
  eden space 14848K, 0% used [0x00000000d5580000,0x00000000d5580000,0x00000000d6400000)
  from space 3584K, 89% used [0x00000000d6880000,0x00000000d6ba6610,0x00000000d6c00000)
  to   space 3584K, 0% used [0x00000000d6500000,0x00000000d6500000,0x00000000d6880000)
 ParOldGen       total 71168K, used 70748K [0x0000000080000000, 0x0000000084580000, 0x00000000d5580000)
  object space 71168K, 99% used [0x0000000080000000,0x00000000845173b8,0x0000000084580000)
 Metaspace       used 52962K, committed 54272K, reserved 1114112K
  class space    used 5767K, committed 6336K, reserved 1048576K
}
Event: 75.460 GC heap before
{Heap before GC invocations=39 (full 2):
 PSYoungGen      total 18432K, used 18073K [0x00000000d5580000, 0x00000000d6c00000, 0x0000000100000000)
  eden space 14848K, 100% used [0x00000000d5580000,0x00000000d6400000,0x00000000d6400000)
  from space 3584K, 89% used [0x00000000d6880000,0x00000000d6ba6610,0x00000000d6c00000)
  to   space 3584K, 0% used [0x00000000d6500000,0x00000000d6500000,0x00000000d6880000)
 ParOldGen       total 71168K, used 70748K [0x0000000080000000, 0x0000000084580000, 0x00000000d5580000)
  object space 71168K, 99% used [0x0000000080000000,0x00000000845173b8,0x0000000084580000)
 Metaspace       used 52965K, committed 54272K, reserved 1114112K
  class space    used 5767K, committed 6336K, reserved 1048576K
}
Event: 75.464 GC heap after
{Heap after GC invocations=39 (full 2):
 PSYoungGen      total 18432K, used 3228K [0x00000000d5580000, 0x00000000d6b00000, 0x0000000100000000)
  eden space 14848K, 0% used [0x00000000d5580000,0x00000000d5580000,0x00000000d6400000)
  from space 3584K, 90% used [0x00000000d6500000,0x00000000d68273c8,0x00000000d6880000)
  to   space 2560K, 0% used [0x00000000d6880000,0x00000000d6880000,0x00000000d6b00000)
 ParOldGen       total 74240K, used 73822K [0x0000000080000000, 0x0000000084880000, 0x00000000d5580000)
  object space 74240K, 99% used [0x0000000080000000,0x0000000084817a20,0x0000000084880000)
 Metaspace       used 52965K, committed 54272K, reserved 1114112K
  class space    used 5767K, committed 6336K, reserved 1048576K
}
Event: 76.039 GC heap before
{Heap before GC invocations=40 (full 2):
 PSYoungGen      total 18432K, used 18076K [0x00000000d5580000, 0x00000000d6b00000, 0x0000000100000000)
  eden space 14848K, 100% used [0x00000000d5580000,0x00000000d6400000,0x00000000d6400000)
  from space 3584K, 90% used [0x00000000d6500000,0x00000000d68273c8,0x00000000d6880000)
  to   space 2560K, 0% used [0x00000000d6880000,0x00000000d6880000,0x00000000d6b00000)
 ParOldGen       total 74240K, used 73822K [0x0000000080000000, 0x0000000084880000, 0x00000000d5580000)
  object space 74240K, 99% used [0x0000000080000000,0x0000000084817a20,0x0000000084880000)
 Metaspace       used 52972K, committed 54272K, reserved 1114112K
  class space    used 5767K, committed 6336K, reserved 1048576K
}
Event: 76.045 GC heap after
{Heap after GC invocations=40 (full 2):
 PSYoungGen      total 15360K, used 2537K [0x00000000d5580000, 0x00000000d7100000, 0x0000000100000000)
  eden space 12800K, 0% used [0x00000000d5580000,0x00000000d5580000,0x00000000d6200000)
  from space 2560K, 99% used [0x00000000d6880000,0x00000000d6afa478,0x00000000d6b00000)
  to   space 6656K, 0% used [0x00000000d6200000,0x00000000d6200000,0x00000000d6880000)
 ParOldGen       total 77824K, used 77387K [0x0000000080000000, 0x0000000084c00000, 0x00000000d5580000)
  object space 77824K, 99% used [0x0000000080000000,0x0000000084b92df0,0x0000000084c00000)
 Metaspace       used 52972K, committed 54272K, reserved 1114112K
  class space    used 5767K, committed 6336K, reserved 1048576K
}
Event: 76.354 GC heap before
{Heap before GC invocations=41 (full 2):
 PSYoungGen      total 15360K, used 15337K [0x00000000d5580000, 0x00000000d7100000, 0x0000000100000000)
  eden space 12800K, 100% used [0x00000000d5580000,0x00000000d6200000,0x00000000d6200000)
  from space 2560K, 99% used [0x00000000d6880000,0x00000000d6afa478,0x00000000d6b00000)
  to   space 6656K, 0% used [0x00000000d6200000,0x00000000d6200000,0x00000000d6880000)
 ParOldGen       total 77824K, used 77387K [0x0000000080000000, 0x0000000084c00000, 0x00000000d5580000)
  object space 77824K, 99% used [0x0000000080000000,0x0000000084b92df0,0x0000000084c00000)
 Metaspace       used 52972K, committed 54272K, reserved 1114112K
  class space    used 5767K, committed 6336K, reserved 1048576K
}
Event: 76.357 GC heap after
{Heap after GC invocations=41 (full 2):
 PSYoungGen      total 16384K, used 3203K [0x00000000d5580000, 0x00000000d6b00000, 0x0000000100000000)
  eden space 12800K, 0% used [0x00000000d5580000,0x00000000d5580000,0x00000000d6200000)
  from space 3584K, 89% used [0x00000000d6200000,0x00000000d6520c78,0x00000000d6580000)
  to   space 4608K, 0% used [0x00000000d6680000,0x00000000d6680000,0x00000000d6b00000)
 ParOldGen       total 80384K, used 79874K [0x0000000080000000, 0x0000000084e80000, 0x00000000d5580000)
  object space 80384K, 99% used [0x0000000080000000,0x0000000084e00920,0x0000000084e80000)
 Metaspace       used 52972K, committed 54272K, reserved 1114112K
  class space    used 5767K, committed 6336K, reserved 1048576K
}
Event: 77.326 GC heap before
{Heap before GC invocations=42 (full 2):
 PSYoungGen      total 16384K, used 16003K [0x00000000d5580000, 0x00000000d6b00000, 0x0000000100000000)
  eden space 12800K, 100% used [0x00000000d5580000,0x00000000d6200000,0x00000000d6200000)
  from space 3584K, 89% used [0x00000000d6200000,0x00000000d6520c78,0x00000000d6580000)
  to   space 4608K, 0% used [0x00000000d6680000,0x00000000d6680000,0x00000000d6b00000)
 ParOldGen       total 80384K, used 79874K [0x0000000080000000, 0x0000000084e80000, 0x00000000d5580000)
  object space 80384K, 99% used [0x0000000080000000,0x0000000084e00920,0x0000000084e80000)
 Metaspace       used 53003K, committed 54336K, reserved 1114112K
  class space    used 5775K, committed 6336K, reserved 1048576K
}
Event: 77.330 GC heap after
{Heap after GC invocations=42 (full 2):
 PSYoungGen      total 15872K, used 2749K [0x00000000d5580000, 0x00000000d6980000, 0x0000000100000000)
  eden space 12800K, 0% used [0x00000000d5580000,0x00000000d5580000,0x00000000d6200000)
  from space 3072K, 89% used [0x00000000d6680000,0x00000000d692f660,0x00000000d6980000)
  to   space 3584K, 0% used [0x00000000d6280000,0x00000000d6280000,0x00000000d6600000)
 ParOldGen       total 83456K, used 82952K [0x0000000080000000, 0x0000000085180000, 0x00000000d5580000)
  object space 83456K, 99% used [0x0000000080000000,0x0000000085102180,0x0000000085180000)
 Metaspace       used 53003K, committed 54336K, reserved 1114112K
  class space    used 5775K, committed 6336K, reserved 1048576K
}

